[0m10:47:55.980844 [debug] [MainThread]: Sending event: {'category': 'dbt', 'action': 'invocation', 'label': 'start', 'context': [<snowplow_tracker.self_describing_json.SelfDescribingJson object at 0x00000268A2DCDA90>, <snowplow_tracker.self_describing_json.SelfDescribingJson object at 0x00000268A2F9E950>, <snowplow_tracker.self_describing_json.SelfDescribingJson object at 0x00000268A2DCEA90>]}


============================== 10:47:55.985377 | 90544929-d5b7-462e-86e1-be5c527a3a69 ==============================
[0m10:47:55.985377 [info ] [MainThread]: Running with dbt=1.6.6
[0m10:47:55.985377 [debug] [MainThread]: running dbt with arguments {'printer_width': '80', 'indirect_selection': 'eager', 'log_cache_events': 'False', 'write_json': 'True', 'partial_parse': 'True', 'cache_selected_only': 'False', 'warn_error': 'None', 'debug': 'False', 'profiles_dir': '.', 'log_path': 'logs', 'fail_fast': 'False', 'version_check': 'True', 'use_colors': 'True', 'use_experimental_parser': 'False', 'no_print': 'None', 'quiet': 'False', 'log_format': 'default', 'invocation_command': 'dbt init --project-dir . --profiles-dir .', 'introspect': 'True', 'static_parser': 'True', 'target_path': 'None', 'warn_error_options': 'WarnErrorOptions(include=[], exclude=[])', 'send_anonymous_usage_stats': 'True'}
[0m10:48:08.710497 [debug] [MainThread]: Starter project path: D:\MUHIDIN\Docker\dibimbing-final-project\dbt\env\Lib\site-packages\dbt\include\starter_project
[0m10:48:08.729663 [info ] [MainThread]: 
Your new dbt project "dibimbing_final_project" was created!

For more information on how to configure the profiles.yml file,
please consult the dbt documentation here:

  https://docs.getdbt.com/docs/configure-your-profile

One more thing:

Need help? Don't hesitate to reach out to us via GitHub issues or on Slack:

  https://community.getdbt.com/

Happy modeling!

[0m10:48:08.735682 [info ] [MainThread]: Setting up your profile.
[0m10:48:11.472558 [info ] [MainThread]: Profile dibimbing_final_project written to profiles.yml using target's sample configuration. Once updated, you'll be able to start developing with dbt.
[0m10:48:11.475833 [debug] [MainThread]: Command `dbt init` succeeded at 10:48:11.475833 after 15.51 seconds
[0m10:48:11.475833 [debug] [MainThread]: Sending event: {'category': 'dbt', 'action': 'invocation', 'label': 'end', 'context': [<snowplow_tracker.self_describing_json.SelfDescribingJson object at 0x00000268A2E51950>, <snowplow_tracker.self_describing_json.SelfDescribingJson object at 0x000002689D5FA290>, <snowplow_tracker.self_describing_json.SelfDescribingJson object at 0x00000268A2E3B690>]}
[0m10:48:11.475833 [debug] [MainThread]: Flushing usage events
[0m11:39:11.136541 [debug] [MainThread]: Sending event: {'category': 'dbt', 'action': 'invocation', 'label': 'start', 'context': [<snowplow_tracker.self_describing_json.SelfDescribingJson object at 0x000001941D9B59D0>, <snowplow_tracker.self_describing_json.SelfDescribingJson object at 0x000001941DE707D0>, <snowplow_tracker.self_describing_json.SelfDescribingJson object at 0x000001941DE69290>]}


============================== 11:39:11.147884 | 3a134684-e5e9-4cf8-bd3a-366b420ae66c ==============================
[0m11:39:11.147884 [info ] [MainThread]: Running with dbt=1.6.6
[0m11:39:11.150197 [debug] [MainThread]: running dbt with arguments {'printer_width': '80', 'indirect_selection': 'eager', 'log_cache_events': 'False', 'write_json': 'True', 'partial_parse': 'True', 'cache_selected_only': 'False', 'warn_error': 'None', 'version_check': 'True', 'profiles_dir': '.', 'log_path': 'logs', 'debug': 'False', 'fail_fast': 'False', 'use_colors': 'True', 'use_experimental_parser': 'False', 'no_print': 'None', 'quiet': 'False', 'warn_error_options': 'WarnErrorOptions(include=[], exclude=[])', 'introspect': 'True', 'log_format': 'default', 'invocation_command': 'dbt init --project-dir . --profiles-dir .', 'target_path': 'None', 'static_parser': 'True', 'send_anonymous_usage_stats': 'True'}
[0m11:39:48.302504 [debug] [MainThread]: Starter project path: D:\MUHIDIN\Docker\dibimbing-final-project\dbt\env\Lib\site-packages\dbt\include\starter_project
[0m11:39:48.326025 [info ] [MainThread]: 
Your new dbt project "dibimbing_final_project" was created!

For more information on how to configure the profiles.yml file,
please consult the dbt documentation here:

  https://docs.getdbt.com/docs/configure-your-profile

One more thing:

Need help? Don't hesitate to reach out to us via GitHub issues or on Slack:

  https://community.getdbt.com/

Happy modeling!

[0m11:39:48.326025 [info ] [MainThread]: Setting up your profile.
[0m11:39:51.408833 [info ] [MainThread]: Profile dibimbing_final_project written to profiles.yml using target's sample configuration. Once updated, you'll be able to start developing with dbt.
[0m11:39:51.408833 [debug] [MainThread]: Command `dbt init` succeeded at 11:39:51.408833 after 40.30 seconds
[0m11:39:51.408833 [debug] [MainThread]: Sending event: {'category': 'dbt', 'action': 'invocation', 'label': 'end', 'context': [<snowplow_tracker.self_describing_json.SelfDescribingJson object at 0x000001941CC649D0>, <snowplow_tracker.self_describing_json.SelfDescribingJson object at 0x00000194181F94D0>, <snowplow_tracker.self_describing_json.SelfDescribingJson object at 0x000001941D907590>]}
[0m11:39:51.408833 [debug] [MainThread]: Flushing usage events
